<?xml version="1.0" encoding="UTF-8"?>
<!-- Generated by org.testng.reporters.JUnitReportReporter -->
<testsuite hostname="DESKTOP-V6LFOIA" failures="0" tests="1" name="Pavan.testsPRCTC2" time="9.206" errors="0" timestamp="2023-02-03T15:27:28 IST" skipped="0">
  <testcase classname="Pavan.testsPRCTC2" name="login" time="9.206"/>
  <system-out/>
</testsuite> <!-- Pavan.testsPRCTC2 -->
