<?xml version="1.0" encoding="UTF-8"?>
<!-- Generated by org.testng.reporters.JUnitReportReporter -->
<testsuite hostname="DESKTOP-V6LFOIA" failures="0" tests="3" name="Pavan.dependsonmethods" time="10.959" errors="0" timestamp="2023-01-27T11:31:22 IST" skipped="0">
  <testcase classname="Pavan.dependsonmethods" name="addproductwishlist" time="2.671"/>
  <system-out/>
  <testcase classname="Pavan.dependsonmethods" name="login" time="7.456"/>
  <system-out/>
  <testcase classname="Pavan.dependsonmethods" name="removewishlist" time="0.832"/>
  <system-out/>
</testsuite> <!-- Pavan.dependsonmethods -->
