<?xml version="1.0" encoding="UTF-8"?>
<!-- Generated by org.testng.reporters.JUnitReportReporter -->
<testsuite hostname="DESKTOP-V6LFOIA" failures="0" tests="1" name="FRAMEWORKS.testsPRCTC2" time="9.200" errors="0" timestamp="2023-02-06T14:37:31 IST" skipped="0">
  <testcase classname="FRAMEWORKS.testsPRCTC2" name="login" time="9.200"/>
  <system-out/>
</testsuite> <!-- FRAMEWORKS.testsPRCTC2 -->
